<?xml version="1.0" encoding="UTF-8"?>
<!-- Generated by org.testng.reporters.JUnitXMLReporter -->
<testsuite ignored="0" hostname="DESKTOP-UB7KQ0Q" failures="1" tests="10" name="Test Report" time="28.143" errors="0" timestamp="2025-05-07T17:08:00 IST">
  <testcase classname="testcases.TestReport" name="login" time="0.059">
    <failure type="java.lang.IllegalArgumentException" message="Keys to send should be a not null CharSequence">
      <![CDATA[java.lang.IllegalArgumentException: Keys to send should be a not null CharSequence
at org.openqa.selenium.remote.RemoteWebElement.sendKeys(RemoteWebElement.java:96)
at org.openqa.selenium.support.pagefactory.internal.LocatingElementHandler.invoke(LocatingElementHandler.java:51)
at jdk.proxy2/jdk.proxy2.$Proxy16.sendKeys(Unknown Source)
at webpages.LoginPage.enterEmail(LoginPage.java:24)
at testcases.TestReport.login(TestReport.java:23)
at java.base/java.util.ArrayList.forEach(ArrayList.java:1596)
... Removed 27 stack frames]]>
    </failure>
  </testcase> <!-- login -->
  <testcase classname="testcases.TestReport" name="login" time="2.382"/>
  <testcase classname="testcases.TestReport" name="verifyClickAndReportTest" time="2.08"/>
  <testcase classname="testcases.TestReport" name="verifyVisibilityOfCompletedTest" time="2.09"/>
  <testcase classname="testcases.TestReport" name="verifyClickOnViewReportTest" time="2.148"/>
  <testcase classname="testcases.TestReport" name="verifyClickOnSubjectReportTest" time="2.126"/>
  <testcase classname="testcases.TestReport" name="verifyClickOnSolutionReportTest" time="4.346"/>
  <testcase classname="testcases.TestReport" name="verifyClickOnQuestionReportTest" time="2.123"/>
  <testcase classname="testcases.TestReport" name="verifyClickOnCompareYourSelfReportTest" time="2.111"/>
  <testcase classname="testcases.TestReport" name="verifyClickOnOmrSheetReportTest" time="2.094"/>
</testsuite> <!-- Test Report -->
